Log from 10/29 deadline: 
=============================================================== 
Checker passed. Start with 2.0 points.
================================
Error in output generation. Your program is wrong on a test case. Specifically, mismatch at line 0
In output file, ./bouyang/HW2/my_output.txt, generated by your program, line is: q y

In correct output file, line is: Invalid

Final score
2

=============================================================== 
Log from 11/10 deadline: 
=============================================================== 
Checker passed. Start with 2.0 points.
=================================
Queen input passes
Passed HW2-tests/queen-input.txt
Score is now 6.0
=============================================
No knight input passes
Passed HW2-tests/no-knight-input.txt
Score is now 8.0
=============================================
Knight input passes
Passed HW2-tests/knight-input.txt
Score is now 10.0
=============================================
Extra credit pawn input passes
Passed HW2-tests/pawn-input.txt
Score is now 12.0
=============================================
Solution has passed all tests. The ordeal is over, you can take a breath now.
Final score, mostly likely half a score
12

=============================================================== 
New final score 
7.0
