Checker has failed. Below is the log of the checker
=============================================
rm -f queueClient queue.o queueClient.o
gcc -c -std=c99 -Wall queue.c queueClient.c
gcc -o queueClient queue.o queueClient.o
File queue.c found
File queue.h found
File queueClient.c found
File README found
File Makefile found
File test-input.txt found
File test-output.txt found
======================================
All files are present in folder. Good!
======================================
make: ran successfully
queueClient was created
======================================
All executables created correctly. Better!
======================================
Error in output generation. Your program is wrong on a test case. Specifically, mismatch at line 4
In output file, out.txt, generated by your program, line is: 42 21 

In correct output file, line is: 45


FAIL
==================================================
Final score:
0

=========================== 
Your homework was turned in late. Multiplying your score by 0.9 
Updated final score 
0
